Flutter crash report.
Please report a bug at https://github.com/flutter/flutter/issues.

## command

flutter run --machine --start-paused -d chrome --devtools-server-address http://127.0.0.1:9101/ --target /Users/mohamedabdo/Desktop/flutter_responsive_layout/flutter_responsive_layout/lib/main.dart

## exception

HttpException: HttpException: Connection closed before full header was received, uri = http://localhost:53461/json

```
```

## flutter doctor

```
[✓] Flutter (Channel stable, 3.24.0, on macOS 14.0 23A344 darwin-arm64, locale en-AE)
    • Flutter version 3.24.0 on channel stable at /Users/mohamedabdo/developer/flutter
    • Upstream repository https://github.com/flutter/flutter.git
    • Framework revision 80c2e84975 (6 weeks ago), 2024-07-30 23:06:49 +0700
    • Engine revision b8800d88be
    • Dart version 3.5.0
    • DevTools version 2.37.2

[✓] Android toolchain - develop for Android devices (Android SDK version 34.0.0)
    • Android SDK at /Users/mohamedabdo/Library/Android/sdk
    • Platform android-34, build-tools 34.0.0
    • ANDROID_HOME = /Users/mohamedabdo/Library/Android/sdk
    • Java binary at: /Applications/Android Studio.app/Contents/jbr/Contents/Home/bin/java
    • Java version OpenJDK Runtime Environment (build 17.0.6+0-17.0.6b829.9-10027231)
    • All Android licenses accepted.

[✓] Xcode - develop for iOS and macOS (Xcode 15.0)
    • Xcode at /Applications/Xcode.app/Contents/Developer
    • Build 15A240d
    • CocoaPods version 1.13.0

[✓] Chrome - develop for the web
    • Chrome at /Applications/Google Chrome.app/Contents/MacOS/Google Chrome

[✓] Android Studio (version 2022.3)
    • Android Studio at /Applications/Android Studio.app/Contents
    • Flutter plugin can be installed from:
      🔨 https://plugins.jetbrains.com/plugin/9212-flutter
    • Dart plugin can be installed from:
      🔨 https://plugins.jetbrains.com/plugin/6351-dart
    • Java version OpenJDK Runtime Environment (build 17.0.6+0-17.0.6b829.9-10027231)

[✓] VS Code (version 1.91.1)
    • VS Code at /Applications/Visual Studio Code.app/Contents
    • Flutter extension version 3.94.0

[✓] Connected device (4 available)
    • Mohamed’s iPhone (mobile)       • 00008130-00164DCC0213803A • ios            • iOS 18.0 22A5338b
    • macOS (desktop)                 • macos                     • darwin-arm64   • macOS 14.0 23A344 darwin-arm64
    • Mac Designed for iPad (desktop) • mac-designed-for-ipad     • darwin         • macOS 14.0 23A344 darwin-arm64
    • Chrome (web)                    • chrome                    • web-javascript • Google Chrome 128.0.6613.137
    ! Error: Browsing on the local area network for Dscale iPhone 15. Ensure the device is unlocked and attached with a cable or associated with the same local area network as this Mac.
      The device must be opted into Developer Mode to connect wirelessly. (code -27)

[✓] Network resources
    • All expected network resources are available.

• No issues found!
```
